<?xml version="1.0" encoding="UTF-8"?>
<coverage generated="1777423641609" clover="3.2.0">
  <project timestamp="1777423641609" name="All files">
    <metrics statements="76" coveredstatements="71" conditionals="50" coveredconditionals="35" methods="18" coveredmethods="15" elements="144" coveredelements="121" complexity="0" loc="76" ncloc="76" packages="5" files="8" classes="8"/>
    <package name="config">
      <metrics statements="16" coveredstatements="12" conditionals="25" coveredconditionals="12" methods="2" coveredmethods="0"/>
      <file name="db.js" path="/Users/mohun/kepco/MultiCampus/_vibe/todolist-app/backend/src/config/db.js">
        <metrics statements="10" coveredstatements="6" conditionals="3" coveredconditionals="1" methods="2" coveredmethods="0"/>
        <line num="1" count="3" type="stmt"/>
        <line num="2" count="3" type="stmt"/>
        <line num="5" count="3" type="cond" truecount="1" falsecount="2"/>
        <line num="9" count="3" type="stmt"/>
        <line num="13" count="3" type="stmt"/>
        <line num="14" count="0" type="stmt"/>
        <line num="18" count="0" type="stmt"/>
        <line num="19" count="0" type="stmt"/>
        <line num="20" count="0" type="stmt"/>
        <line num="34" count="3" type="stmt"/>
      </file>
      <file name="env.js" path="/Users/mohun/kepco/MultiCampus/_vibe/todolist-app/backend/src/config/env.js">
        <metrics statements="6" coveredstatements="6" conditionals="22" coveredconditionals="11" methods="0" coveredmethods="0"/>
        <line num="1" count="2" type="stmt"/>
        <line num="2" count="2" type="stmt"/>
        <line num="4" count="2" type="cond" truecount="1" falsecount="1"/>
        <line num="8" count="2" type="stmt"/>
        <line num="13" count="2" type="stmt"/>
        <line num="26" count="2" type="stmt"/>
      </file>
    </package>
    <package name="controllers">
      <metrics statements="19" coveredstatements="19" conditionals="14" coveredconditionals="12" methods="4" coveredmethods="4"/>
      <file name="categoryController.js" path="/Users/mohun/kepco/MultiCampus/_vibe/todolist-app/backend/src/controllers/categoryController.js">
        <metrics statements="19" coveredstatements="19" conditionals="14" coveredconditionals="12" methods="4" coveredmethods="4"/>
        <line num="1" count="1" type="stmt"/>
        <line num="2" count="1" type="stmt"/>
        <line num="3" count="1" type="stmt"/>
        <line num="4" count="1" type="stmt"/>
        <line num="7" count="2" type="stmt"/>
        <line num="8" count="1" type="stmt"/>
        <line num="12" count="4" type="cond" truecount="1" falsecount="1"/>
        <line num="13" count="4" type="cond" truecount="5" falsecount="0"/>
        <line num="14" count="2" type="stmt"/>
        <line num="16" count="2" type="stmt"/>
        <line num="17" count="1" type="stmt"/>
        <line num="21" count="4" type="cond" truecount="1" falsecount="1"/>
        <line num="22" count="4" type="cond" truecount="5" falsecount="0"/>
        <line num="23" count="2" type="stmt"/>
        <line num="25" count="2" type="stmt"/>
        <line num="26" count="1" type="stmt"/>
        <line num="30" count="2" type="stmt"/>
        <line num="31" count="1" type="stmt"/>
        <line num="34" count="1" type="stmt"/>
      </file>
    </package>
    <package name="repositories">
      <metrics statements="11" coveredstatements="11" conditionals="2" coveredconditionals="2" methods="5" coveredmethods="5"/>
      <file name="categoryRepository.js" path="/Users/mohun/kepco/MultiCampus/_vibe/todolist-app/backend/src/repositories/categoryRepository.js">
        <metrics statements="11" coveredstatements="11" conditionals="2" coveredconditionals="2" methods="5" coveredmethods="5"/>
        <line num="1" count="3" type="stmt"/>
        <line num="4" count="2" type="stmt"/>
        <line num="8" count="2" type="stmt"/>
        <line num="12" count="2" type="stmt"/>
        <line num="16" count="2" type="cond" truecount="2" falsecount="0"/>
        <line num="20" count="1" type="stmt"/>
        <line num="24" count="1" type="stmt"/>
        <line num="28" count="1" type="stmt"/>
        <line num="32" count="1" type="stmt"/>
        <line num="36" count="1" type="stmt"/>
        <line num="39" count="3" type="stmt"/>
      </file>
    </package>
    <package name="services">
      <metrics statements="18" coveredstatements="18" conditionals="8" coveredconditionals="8" methods="4" coveredmethods="4"/>
      <file name="categoryService.js" path="/Users/mohun/kepco/MultiCampus/_vibe/todolist-app/backend/src/services/categoryService.js">
        <metrics statements="18" coveredstatements="18" conditionals="8" coveredconditionals="8" methods="4" coveredmethods="4"/>
        <line num="1" count="2" type="stmt"/>
        <line num="2" count="2" type="stmt"/>
        <line num="3" count="2" type="stmt"/>
        <line num="6" count="1" type="stmt"/>
        <line num="10" count="1" type="stmt"/>
        <line num="14" count="3" type="stmt"/>
        <line num="15" count="3" type="cond" truecount="2" falsecount="0"/>
        <line num="16" count="1" type="stmt"/>
        <line num="18" count="2" type="cond" truecount="2" falsecount="0"/>
        <line num="19" count="1" type="stmt"/>
        <line num="21" count="1" type="stmt"/>
        <line num="25" count="3" type="stmt"/>
        <line num="26" count="3" type="cond" truecount="2" falsecount="0"/>
        <line num="27" count="1" type="stmt"/>
        <line num="29" count="2" type="cond" truecount="2" falsecount="0"/>
        <line num="30" count="1" type="stmt"/>
        <line num="32" count="1" type="stmt"/>
        <line num="35" count="2" type="stmt"/>
      </file>
    </package>
    <package name="utils">
      <metrics statements="12" coveredstatements="11" conditionals="1" coveredconditionals="1" methods="3" coveredmethods="2"/>
      <file name="AppError.js" path="/Users/mohun/kepco/MultiCampus/_vibe/todolist-app/backend/src/utils/AppError.js">
        <metrics statements="6" coveredstatements="6" conditionals="0" coveredconditionals="0" methods="1" coveredmethods="1"/>
        <line num="3" count="12" type="stmt"/>
        <line num="4" count="12" type="stmt"/>
        <line num="5" count="12" type="stmt"/>
        <line num="6" count="12" type="stmt"/>
        <line num="7" count="12" type="stmt"/>
        <line num="11" count="3" type="stmt"/>
      </file>
      <file name="constants.js" path="/Users/mohun/kepco/MultiCampus/_vibe/todolist-app/backend/src/utils/constants.js">
        <metrics statements="3" coveredstatements="3" conditionals="0" coveredconditionals="0" methods="0" coveredmethods="0"/>
        <line num="1" count="3" type="stmt"/>
        <line num="12" count="3" type="stmt"/>
        <line num="23" count="3" type="stmt"/>
      </file>
      <file name="responseHelper.js" path="/Users/mohun/kepco/MultiCampus/_vibe/todolist-app/backend/src/utils/responseHelper.js">
        <metrics statements="3" coveredstatements="2" conditionals="1" coveredconditionals="1" methods="2" coveredmethods="1"/>
        <line num="2" count="4" type="stmt"/>
        <line num="6" count="0" type="stmt"/>
        <line num="9" count="1" type="stmt"/>
      </file>
    </package>
  </project>
</coverage>
