{"/Users/mohun/kepco/MultiCampus/_vibe/todolist-app/backend/src/config/db.js": {"path":"/Users/mohun/kepco/MultiCampus/_vibe/todolist-app/backend/src/config/db.js","statementMap":{"0":{"start":{"line":1,"column":17},"end":{"line":1,"column":30}},"1":{"start":{"line":2,"column":12},"end":{"line":2,"column":28}},"2":{"start":{"line":5,"column":2},"end":{"line":7,"column":95}},"3":{"start":{"line":9,"column":13},"end":{"line":11,"column":2}},"4":{"start":{"line":13,"column":0},"end":{"line":15,"column":3}},"5":{"start":{"line":14,"column":2},"end":{"line":14,"column":68}},"6":{"start":{"line":18,"column":17},"end":{"line":18,"column":56}},"7":{"start":{"line":19,"column":2},"end":{"line":19,"column":67}},"8":{"start":{"line":20,"column":2},"end":{"line":20,"column":24}},"9":{"start":{"line":34,"column":0},"end":{"line":37,"column":2}}},"fnMap":{"0":{"name":"(anonymous_0)","decl":{"start":{"line":13,"column":17},"end":{"line":13,"column":18}},"loc":{"start":{"line":13,"column":28},"end":{"line":15,"column":1}},"line":13},"1":{"name":"checkConnection","decl":{"start":{"line":17,"column":15},"end":{"line":17,"column":30}},"loc":{"start":{"line":17,"column":33},"end":{"line":21,"column":1}},"line":17}},"branchMap":{"0":{"loc":{"start":{"line":5,"column":2},"end":{"line":7,"column":95}},"type":"binary-expr","locations":[{"start":{"line":5,"column":2},"end":{"line":5,"column":32}},{"start":{"line":6,"column":2},"end":{"line":6,"column":18}},{"start":{"line":7,"column":2},"end":{"line":7,"column":95}}],"line":5}},"s":{"0":3,"1":3,"2":3,"3":3,"4":3,"5":0,"6":0,"7":0,"8":0,"9":3},"f":{"0":0,"1":0},"b":{"0":[3,0,0]},"_coverageSchema":"1a1c01bbd47fc00a2c39e90264f33305004495a9","hash":"e688d9f51a3db2a0e5286e01b5e1ef1869bc5342"}
,"/Users/mohun/kepco/MultiCampus/_vibe/todolist-app/backend/src/config/env.js": {"path":"/Users/mohun/kepco/MultiCampus/_vibe/todolist-app/backend/src/config/env.js","statementMap":{"0":{"start":{"line":1,"column":13},"end":{"line":1,"column":28}},"1":{"start":{"line":2,"column":15},"end":{"line":2,"column":32}},"2":{"start":{"line":4,"column":20},"end":{"line":6,"column":41}},"3":{"start":{"line":8,"column":0},"end":{"line":11,"column":3}},"4":{"start":{"line":13,"column":12},"end":{"line":24,"column":1}},"5":{"start":{"line":26,"column":0},"end":{"line":26,"column":21}}},"fnMap":{},"branchMap":{"0":{"loc":{"start":{"line":4,"column":20},"end":{"line":6,"column":41}},"type":"cond-expr","locations":[{"start":{"line":5,"column":4},"end":{"line":5,"column":53}},{"start":{"line":6,"column":4},"end":{"line":6,"column":41}}],"line":4},"1":{"loc":{"start":{"line":14,"column":11},"end":{"line":14,"column":45}},"type":"binary-expr","locations":[{"start":{"line":14,"column":11},"end":{"line":14,"column":30}},{"start":{"line":14,"column":34},"end":{"line":14,"column":45}}],"line":14},"2":{"loc":{"start":{"line":15,"column":18},"end":{"line":15,"column":45}},"type":"binary-expr","locations":[{"start":{"line":15,"column":18},"end":{"line":15,"column":37}},{"start":{"line":15,"column":41},"end":{"line":15,"column":45}}],"line":15},"3":{"loc":{"start":{"line":16,"column":11},"end":{"line":16,"column":48}},"type":"binary-expr","locations":[{"start":{"line":16,"column":11},"end":{"line":16,"column":30}},{"start":{"line":16,"column":34},"end":{"line":16,"column":48}}],"line":16},"4":{"loc":{"start":{"line":17,"column":11},"end":{"line":17,"column":49}},"type":"binary-expr","locations":[{"start":{"line":17,"column":11},"end":{"line":17,"column":30}},{"start":{"line":17,"column":34},"end":{"line":17,"column":49}}],"line":17},"5":{"loc":{"start":{"line":18,"column":15},"end":{"line":18,"column":44}},"type":"binary-expr","locations":[{"start":{"line":18,"column":15},"end":{"line":18,"column":38}},{"start":{"line":18,"column":42},"end":{"line":18,"column":44}}],"line":18},"6":{"loc":{"start":{"line":19,"column":16},"end":{"line":19,"column":46}},"type":"binary-expr","locations":[{"start":{"line":19,"column":16},"end":{"line":19,"column":40}},{"start":{"line":19,"column":44},"end":{"line":19,"column":46}}],"line":19},"7":{"loc":{"start":{"line":20,"column":30},"end":{"line":20,"column":74}},"type":"binary-expr","locations":[{"start":{"line":20,"column":30},"end":{"line":20,"column":68}},{"start":{"line":20,"column":72},"end":{"line":20,"column":74}}],"line":20},"8":{"loc":{"start":{"line":21,"column":14},"end":{"line":21,"column":42}},"type":"binary-expr","locations":[{"start":{"line":21,"column":14},"end":{"line":21,"column":36}},{"start":{"line":21,"column":40},"end":{"line":21,"column":42}}],"line":21},"9":{"loc":{"start":{"line":22,"column":15},"end":{"line":22,"column":39}},"type":"binary-expr","locations":[{"start":{"line":22,"column":15},"end":{"line":22,"column":31}},{"start":{"line":22,"column":35},"end":{"line":22,"column":39}}],"line":22},"10":{"loc":{"start":{"line":23,"column":22},"end":{"line":23,"column":51}},"type":"binary-expr","locations":[{"start":{"line":23,"column":22},"end":{"line":23,"column":45}},{"start":{"line":23,"column":49},"end":{"line":23,"column":51}}],"line":23}},"s":{"0":2,"1":2,"2":2,"3":2,"4":2,"5":2},"f":{},"b":{"0":[0,2],"1":[2,0],"2":[2,0],"3":[2,0],"4":[2,0],"5":[2,0],"6":[2,0],"7":[2,0],"8":[2,0],"9":[2,0],"10":[2,0]},"_coverageSchema":"1a1c01bbd47fc00a2c39e90264f33305004495a9","hash":"1d0a766edc1fdd298e943210bf868d2a58fc4c12"}
,"/Users/mohun/kepco/MultiCampus/_vibe/todolist-app/backend/src/controllers/categoryController.js": {"path":"/Users/mohun/kepco/MultiCampus/_vibe/todolist-app/backend/src/controllers/categoryController.js","statementMap":{"0":{"start":{"line":1,"column":24},"end":{"line":1,"column":62}},"1":{"start":{"line":2,"column":24},"end":{"line":2,"column":58}},"2":{"start":{"line":3,"column":36},"end":{"line":3,"column":65}},"3":{"start":{"line":4,"column":17},"end":{"line":4,"column":45}},"4":{"start":{"line":7,"column":21},"end":{"line":7,"column":69}},"5":{"start":{"line":8,"column":2},"end":{"line":8,"column":42}},"6":{"start":{"line":12,"column":19},"end":{"line":12,"column":33}},"7":{"start":{"line":13,"column":2},"end":{"line":15,"column":3}},"8":{"start":{"line":14,"column":4},"end":{"line":14,"column":104}},"9":{"start":{"line":16,"column":19},"end":{"line":16,"column":91}},"10":{"start":{"line":17,"column":2},"end":{"line":17,"column":61}},"11":{"start":{"line":21,"column":19},"end":{"line":21,"column":33}},"12":{"start":{"line":22,"column":2},"end":{"line":24,"column":3}},"13":{"start":{"line":23,"column":4},"end":{"line":23,"column":104}},"14":{"start":{"line":25,"column":19},"end":{"line":25,"column":106}},"15":{"start":{"line":26,"column":2},"end":{"line":26,"column":40}},"16":{"start":{"line":30,"column":2},"end":{"line":30,"column":67}},"17":{"start":{"line":31,"column":2},"end":{"line":31,"column":57}},"18":{"start":{"line":34,"column":0},"end":{"line":34,"column":83}}},"fnMap":{"0":{"name":"getCategories","decl":{"start":{"line":6,"column":15},"end":{"line":6,"column":28}},"loc":{"start":{"line":6,"column":45},"end":{"line":9,"column":1}},"line":6},"1":{"name":"createCategory","decl":{"start":{"line":11,"column":15},"end":{"line":11,"column":29}},"loc":{"start":{"line":11,"column":46},"end":{"line":18,"column":1}},"line":11},"2":{"name":"updateCategory","decl":{"start":{"line":20,"column":15},"end":{"line":20,"column":29}},"loc":{"start":{"line":20,"column":46},"end":{"line":27,"column":1}},"line":20},"3":{"name":"deleteCategory","decl":{"start":{"line":29,"column":15},"end":{"line":29,"column":29}},"loc":{"start":{"line":29,"column":46},"end":{"line":32,"column":1}},"line":29}},"branchMap":{"0":{"loc":{"start":{"line":12,"column":19},"end":{"line":12,"column":33}},"type":"binary-expr","locations":[{"start":{"line":12,"column":19},"end":{"line":12,"column":27}},{"start":{"line":12,"column":31},"end":{"line":12,"column":33}}],"line":12},"1":{"loc":{"start":{"line":13,"column":2},"end":{"line":15,"column":3}},"type":"if","locations":[{"start":{"line":13,"column":2},"end":{"line":15,"column":3}},{"start":{},"end":{}}],"line":13},"2":{"loc":{"start":{"line":13,"column":6},"end":{"line":13,"column":67}},"type":"binary-expr","locations":[{"start":{"line":13,"column":6},"end":{"line":13,"column":11}},{"start":{"line":13,"column":15},"end":{"line":13,"column":39}},{"start":{"line":13,"column":43},"end":{"line":13,"column":67}}],"line":13},"3":{"loc":{"start":{"line":21,"column":19},"end":{"line":21,"column":33}},"type":"binary-expr","locations":[{"start":{"line":21,"column":19},"end":{"line":21,"column":27}},{"start":{"line":21,"column":31},"end":{"line":21,"column":33}}],"line":21},"4":{"loc":{"start":{"line":22,"column":2},"end":{"line":24,"column":3}},"type":"if","locations":[{"start":{"line":22,"column":2},"end":{"line":24,"column":3}},{"start":{},"end":{}}],"line":22},"5":{"loc":{"start":{"line":22,"column":6},"end":{"line":22,"column":67}},"type":"binary-expr","locations":[{"start":{"line":22,"column":6},"end":{"line":22,"column":11}},{"start":{"line":22,"column":15},"end":{"line":22,"column":39}},{"start":{"line":22,"column":43},"end":{"line":22,"column":67}}],"line":22}},"s":{"0":1,"1":1,"2":1,"3":1,"4":2,"5":1,"6":4,"7":4,"8":2,"9":2,"10":1,"11":4,"12":4,"13":2,"14":2,"15":1,"16":2,"17":1,"18":1},"f":{"0":2,"1":4,"2":4,"3":2},"b":{"0":[4,0],"1":[2,2],"2":[4,3,3],"3":[4,0],"4":[2,2],"5":[4,2,2]},"_coverageSchema":"1a1c01bbd47fc00a2c39e90264f33305004495a9","hash":"26ec4dd131484869944c49c9c4d75bed31692af8"}
,"/Users/mohun/kepco/MultiCampus/_vibe/todolist-app/backend/src/repositories/categoryRepository.js": {"path":"/Users/mohun/kepco/MultiCampus/_vibe/todolist-app/backend/src/repositories/categoryRepository.js","statementMap":{"0":{"start":{"line":1,"column":17},"end":{"line":1,"column":40}},"1":{"start":{"line":4,"column":17},"end":{"line":7,"column":3}},"2":{"start":{"line":8,"column":2},"end":{"line":8,"column":21}},"3":{"start":{"line":12,"column":17},"end":{"line":15,"column":3}},"4":{"start":{"line":16,"column":2},"end":{"line":16,"column":32}},"5":{"start":{"line":20,"column":17},"end":{"line":23,"column":3}},"6":{"start":{"line":24,"column":2},"end":{"line":24,"column":24}},"7":{"start":{"line":28,"column":17},"end":{"line":31,"column":3}},"8":{"start":{"line":32,"column":2},"end":{"line":32,"column":24}},"9":{"start":{"line":36,"column":2},"end":{"line":36,"column":65}},"10":{"start":{"line":39,"column":0},"end":{"line":39,"column":75}}},"fnMap":{"0":{"name":"findAllByUserId","decl":{"start":{"line":3,"column":15},"end":{"line":3,"column":30}},"loc":{"start":{"line":3,"column":39},"end":{"line":9,"column":1}},"line":3},"1":{"name":"findById","decl":{"start":{"line":11,"column":15},"end":{"line":11,"column":23}},"loc":{"start":{"line":11,"column":28},"end":{"line":17,"column":1}},"line":11},"2":{"name":"create","decl":{"start":{"line":19,"column":15},"end":{"line":19,"column":21}},"loc":{"start":{"line":19,"column":40},"end":{"line":25,"column":1}},"line":19},"3":{"name":"update","decl":{"start":{"line":27,"column":15},"end":{"line":27,"column":21}},"loc":{"start":{"line":27,"column":36},"end":{"line":33,"column":1}},"line":27},"4":{"name":"deleteById","decl":{"start":{"line":35,"column":15},"end":{"line":35,"column":25}},"loc":{"start":{"line":35,"column":30},"end":{"line":37,"column":1}},"line":35}},"branchMap":{"0":{"loc":{"start":{"line":16,"column":9},"end":{"line":16,"column":31}},"type":"binary-expr","locations":[{"start":{"line":16,"column":9},"end":{"line":16,"column":23}},{"start":{"line":16,"column":27},"end":{"line":16,"column":31}}],"line":16}},"s":{"0":3,"1":2,"2":2,"3":2,"4":2,"5":1,"6":1,"7":1,"8":1,"9":1,"10":3},"f":{"0":2,"1":2,"2":1,"3":1,"4":1},"b":{"0":[2,1]},"_coverageSchema":"1a1c01bbd47fc00a2c39e90264f33305004495a9","hash":"91687debd19aaa18fb70679d5ec330b58f19ad43"}
,"/Users/mohun/kepco/MultiCampus/_vibe/todolist-app/backend/src/services/categoryService.js": {"path":"/Users/mohun/kepco/MultiCampus/_vibe/todolist-app/backend/src/services/categoryService.js","statementMap":{"0":{"start":{"line":1,"column":27},"end":{"line":1,"column":72}},"1":{"start":{"line":2,"column":17},"end":{"line":2,"column":45}},"2":{"start":{"line":3,"column":36},"end":{"line":3,"column":65}},"3":{"start":{"line":6,"column":2},"end":{"line":6,"column":52}},"4":{"start":{"line":10,"column":2},"end":{"line":10,"column":53}},"5":{"start":{"line":14,"column":19},"end":{"line":14,"column":64}},"6":{"start":{"line":15,"column":2},"end":{"line":17,"column":3}},"7":{"start":{"line":16,"column":4},"end":{"line":16,"column":88}},"8":{"start":{"line":18,"column":2},"end":{"line":20,"column":3}},"9":{"start":{"line":19,"column":4},"end":{"line":19,"column":84}},"10":{"start":{"line":21,"column":2},"end":{"line":21,"column":57}},"11":{"start":{"line":25,"column":19},"end":{"line":25,"column":64}},"12":{"start":{"line":26,"column":2},"end":{"line":28,"column":3}},"13":{"start":{"line":27,"column":4},"end":{"line":27,"column":88}},"14":{"start":{"line":29,"column":2},"end":{"line":31,"column":3}},"15":{"start":{"line":30,"column":4},"end":{"line":30,"column":84}},"16":{"start":{"line":32,"column":2},"end":{"line":32,"column":50}},"17":{"start":{"line":35,"column":0},"end":{"line":35,"column":83}}},"fnMap":{"0":{"name":"getCategories","decl":{"start":{"line":5,"column":15},"end":{"line":5,"column":28}},"loc":{"start":{"line":5,"column":37},"end":{"line":7,"column":1}},"line":5},"1":{"name":"createCategory","decl":{"start":{"line":9,"column":15},"end":{"line":9,"column":29}},"loc":{"start":{"line":9,"column":48},"end":{"line":11,"column":1}},"line":9},"2":{"name":"updateCategory","decl":{"start":{"line":13,"column":15},"end":{"line":13,"column":29}},"loc":{"start":{"line":13,"column":60},"end":{"line":22,"column":1}},"line":13},"3":{"name":"deleteCategory","decl":{"start":{"line":24,"column":15},"end":{"line":24,"column":29}},"loc":{"start":{"line":24,"column":50},"end":{"line":33,"column":1}},"line":24}},"branchMap":{"0":{"loc":{"start":{"line":15,"column":2},"end":{"line":17,"column":3}},"type":"if","locations":[{"start":{"line":15,"column":2},"end":{"line":17,"column":3}},{"start":{},"end":{}}],"line":15},"1":{"loc":{"start":{"line":18,"column":2},"end":{"line":20,"column":3}},"type":"if","locations":[{"start":{"line":18,"column":2},"end":{"line":20,"column":3}},{"start":{},"end":{}}],"line":18},"2":{"loc":{"start":{"line":26,"column":2},"end":{"line":28,"column":3}},"type":"if","locations":[{"start":{"line":26,"column":2},"end":{"line":28,"column":3}},{"start":{},"end":{}}],"line":26},"3":{"loc":{"start":{"line":29,"column":2},"end":{"line":31,"column":3}},"type":"if","locations":[{"start":{"line":29,"column":2},"end":{"line":31,"column":3}},{"start":{},"end":{}}],"line":29}},"s":{"0":2,"1":2,"2":2,"3":1,"4":1,"5":3,"6":3,"7":1,"8":2,"9":1,"10":1,"11":3,"12":3,"13":1,"14":2,"15":1,"16":1,"17":2},"f":{"0":1,"1":1,"2":3,"3":3},"b":{"0":[1,2],"1":[1,1],"2":[1,2],"3":[1,1]},"_coverageSchema":"1a1c01bbd47fc00a2c39e90264f33305004495a9","hash":"a129c4cc4437cb822264f3454d1f5389b42b1ec2"}
,"/Users/mohun/kepco/MultiCampus/_vibe/todolist-app/backend/src/utils/AppError.js": {"path":"/Users/mohun/kepco/MultiCampus/_vibe/todolist-app/backend/src/utils/AppError.js","statementMap":{"0":{"start":{"line":3,"column":4},"end":{"line":3,"column":19}},"1":{"start":{"line":4,"column":4},"end":{"line":4,"column":33}},"2":{"start":{"line":5,"column":4},"end":{"line":5,"column":21}},"3":{"start":{"line":6,"column":4},"end":{"line":6,"column":27}},"4":{"start":{"line":7,"column":4},"end":{"line":7,"column":52}},"5":{"start":{"line":11,"column":0},"end":{"line":11,"column":26}}},"fnMap":{"0":{"name":"(anonymous_0)","decl":{"start":{"line":2,"column":2},"end":{"line":2,"column":3}},"loc":{"start":{"line":2,"column":41},"end":{"line":8,"column":3}},"line":2}},"branchMap":{},"s":{"0":12,"1":12,"2":12,"3":12,"4":12,"5":3},"f":{"0":12},"b":{},"_coverageSchema":"1a1c01bbd47fc00a2c39e90264f33305004495a9","hash":"9d3b87203f748011fb344b85a4425118c08ac7ba"}
,"/Users/mohun/kepco/MultiCampus/_vibe/todolist-app/backend/src/utils/constants.js": {"path":"/Users/mohun/kepco/MultiCampus/_vibe/todolist-app/backend/src/utils/constants.js","statementMap":{"0":{"start":{"line":1,"column":20},"end":{"line":10,"column":1}},"1":{"start":{"line":12,"column":19},"end":{"line":21,"column":1}},"2":{"start":{"line":23,"column":0},"end":{"line":23,"column":45}}},"fnMap":{},"branchMap":{},"s":{"0":3,"1":3,"2":3},"f":{},"b":{},"_coverageSchema":"1a1c01bbd47fc00a2c39e90264f33305004495a9","hash":"b13bf1647a286416ee992c936ab6890e0a6eba59"}
,"/Users/mohun/kepco/MultiCampus/_vibe/todolist-app/backend/src/utils/responseHelper.js": {"path":"/Users/mohun/kepco/MultiCampus/_vibe/todolist-app/backend/src/utils/responseHelper.js","statementMap":{"0":{"start":{"line":2,"column":2},"end":{"line":2,"column":55}},"1":{"start":{"line":6,"column":2},"end":{"line":6,"column":76}},"2":{"start":{"line":9,"column":0},"end":{"line":9,"column":44}}},"fnMap":{"0":{"name":"sendSuccess","decl":{"start":{"line":1,"column":9},"end":{"line":1,"column":20}},"loc":{"start":{"line":1,"column":50},"end":{"line":3,"column":1}},"line":1},"1":{"name":"sendError","decl":{"start":{"line":5,"column":9},"end":{"line":5,"column":18}},"loc":{"start":{"line":5,"column":51},"end":{"line":7,"column":1}},"line":5}},"branchMap":{"0":{"loc":{"start":{"line":1,"column":32},"end":{"line":1,"column":48}},"type":"default-arg","locations":[{"start":{"line":1,"column":45},"end":{"line":1,"column":48}}],"line":1}},"s":{"0":4,"1":0,"2":1},"f":{"0":4,"1":0},"b":{"0":[3]},"_coverageSchema":"1a1c01bbd47fc00a2c39e90264f33305004495a9","hash":"24974503be16c9dd28b91974df971067f1a6cef3"}
}
