TN:
SF:src/config/db.js
FN:13,(anonymous_0)
FN:17,checkConnection
FNF:2
FNH:0
FNDA:0,(anonymous_0)
FNDA:0,checkConnection
DA:1,3
DA:2,3
DA:5,3
DA:9,3
DA:13,3
DA:14,0
DA:18,0
DA:19,0
DA:20,0
DA:34,3
LF:10
LH:6
BRDA:5,0,0,3
BRDA:5,0,1,0
BRDA:5,0,2,0
BRF:3
BRH:1
end_of_record
TN:
SF:src/config/env.js
FNF:0
FNH:0
DA:1,2
DA:2,2
DA:4,2
DA:8,2
DA:13,2
DA:26,2
LF:6
LH:6
BRDA:4,0,0,0
BRDA:4,0,1,2
BRDA:14,1,0,2
BRDA:14,1,1,0
BRDA:15,2,0,2
BRDA:15,2,1,0
BRDA:16,3,0,2
BRDA:16,3,1,0
BRDA:17,4,0,2
BRDA:17,4,1,0
BRDA:18,5,0,2
BRDA:18,5,1,0
BRDA:19,6,0,2
BRDA:19,6,1,0
BRDA:20,7,0,2
BRDA:20,7,1,0
BRDA:21,8,0,2
BRDA:21,8,1,0
BRDA:22,9,0,2
BRDA:22,9,1,0
BRDA:23,10,0,2
BRDA:23,10,1,0
BRF:22
BRH:11
end_of_record
TN:
SF:src/controllers/categoryController.js
FN:6,getCategories
FN:11,createCategory
FN:20,updateCategory
FN:29,deleteCategory
FNF:4
FNH:4
FNDA:2,getCategories
FNDA:4,createCategory
FNDA:4,updateCategory
FNDA:2,deleteCategory
DA:1,1
DA:2,1
DA:3,1
DA:4,1
DA:7,2
DA:8,1
DA:12,4
DA:13,4
DA:14,2
DA:16,2
DA:17,1
DA:21,4
DA:22,4
DA:23,2
DA:25,2
DA:26,1
DA:30,2
DA:31,1
DA:34,1
LF:19
LH:19
BRDA:12,0,0,4
BRDA:12,0,1,0
BRDA:13,1,0,2
BRDA:13,1,1,2
BRDA:13,2,0,4
BRDA:13,2,1,3
BRDA:13,2,2,3
BRDA:21,3,0,4
BRDA:21,3,1,0
BRDA:22,4,0,2
BRDA:22,4,1,2
BRDA:22,5,0,4
BRDA:22,5,1,2
BRDA:22,5,2,2
BRF:14
BRH:12
end_of_record
TN:
SF:src/repositories/categoryRepository.js
FN:3,findAllByUserId
FN:11,findById
FN:19,create
FN:27,update
FN:35,deleteById
FNF:5
FNH:5
FNDA:2,findAllByUserId
FNDA:2,findById
FNDA:1,create
FNDA:1,update
FNDA:1,deleteById
DA:1,3
DA:4,2
DA:8,2
DA:12,2
DA:16,2
DA:20,1
DA:24,1
DA:28,1
DA:32,1
DA:36,1
DA:39,3
LF:11
LH:11
BRDA:16,0,0,2
BRDA:16,0,1,1
BRF:2
BRH:2
end_of_record
TN:
SF:src/services/categoryService.js
FN:5,getCategories
FN:9,createCategory
FN:13,updateCategory
FN:24,deleteCategory
FNF:4
FNH:4
FNDA:1,getCategories
FNDA:1,createCategory
FNDA:3,updateCategory
FNDA:3,deleteCategory
DA:1,2
DA:2,2
DA:3,2
DA:6,1
DA:10,1
DA:14,3
DA:15,3
DA:16,1
DA:18,2
DA:19,1
DA:21,1
DA:25,3
DA:26,3
DA:27,1
DA:29,2
DA:30,1
DA:32,1
DA:35,2
LF:18
LH:18
BRDA:15,0,0,1
BRDA:15,0,1,2
BRDA:18,1,0,1
BRDA:18,1,1,1
BRDA:26,2,0,1
BRDA:26,2,1,2
BRDA:29,3,0,1
BRDA:29,3,1,1
BRF:8
BRH:8
end_of_record
TN:
SF:src/utils/AppError.js
FN:2,(anonymous_0)
FNF:1
FNH:1
FNDA:12,(anonymous_0)
DA:3,12
DA:4,12
DA:5,12
DA:6,12
DA:7,12
DA:11,3
LF:6
LH:6
BRF:0
BRH:0
end_of_record
TN:
SF:src/utils/constants.js
FNF:0
FNH:0
DA:1,3
DA:12,3
DA:23,3
LF:3
LH:3
BRF:0
BRH:0
end_of_record
TN:
SF:src/utils/responseHelper.js
FN:1,sendSuccess
FN:5,sendError
FNF:2
FNH:1
FNDA:4,sendSuccess
FNDA:0,sendError
DA:2,4
DA:6,0
DA:9,1
LF:3
LH:2
BRDA:1,0,0,3
BRF:1
BRH:1
end_of_record
