{"/Users/mohun/kepco/MultiCampus/_vibe/todolist-app/backend/src/config/db.js": {"path":"/Users/mohun/kepco/MultiCampus/_vibe/todolist-app/backend/src/config/db.js","statementMap":{"0":{"start":{"line":1,"column":17},"end":{"line":1,"column":30}},"1":{"start":{"line":2,"column":12},"end":{"line":2,"column":28}},"2":{"start":{"line":5,"column":2},"end":{"line":7,"column":95}},"3":{"start":{"line":9,"column":13},"end":{"line":11,"column":2}},"4":{"start":{"line":13,"column":0},"end":{"line":15,"column":3}},"5":{"start":{"line":14,"column":2},"end":{"line":14,"column":68}},"6":{"start":{"line":18,"column":17},"end":{"line":18,"column":56}},"7":{"start":{"line":19,"column":2},"end":{"line":19,"column":67}},"8":{"start":{"line":20,"column":2},"end":{"line":20,"column":24}},"9":{"start":{"line":34,"column":0},"end":{"line":37,"column":2}}},"fnMap":{"0":{"name":"(anonymous_0)","decl":{"start":{"line":13,"column":17},"end":{"line":13,"column":18}},"loc":{"start":{"line":13,"column":28},"end":{"line":15,"column":1}},"line":13},"1":{"name":"checkConnection","decl":{"start":{"line":17,"column":15},"end":{"line":17,"column":30}},"loc":{"start":{"line":17,"column":33},"end":{"line":21,"column":1}},"line":17}},"branchMap":{"0":{"loc":{"start":{"line":5,"column":2},"end":{"line":7,"column":95}},"type":"binary-expr","locations":[{"start":{"line":5,"column":2},"end":{"line":5,"column":32}},{"start":{"line":6,"column":2},"end":{"line":6,"column":18}},{"start":{"line":7,"column":2},"end":{"line":7,"column":95}}],"line":5}},"s":{"0":3,"1":3,"2":3,"3":3,"4":3,"5":0,"6":0,"7":0,"8":0,"9":3},"f":{"0":0,"1":0},"b":{"0":[3,0,0]},"_coverageSchema":"1a1c01bbd47fc00a2c39e90264f33305004495a9","hash":"e688d9f51a3db2a0e5286e01b5e1ef1869bc5342"}
,"/Users/mohun/kepco/MultiCampus/_vibe/todolist-app/backend/src/config/env.js": {"path":"/Users/mohun/kepco/MultiCampus/_vibe/todolist-app/backend/src/config/env.js","statementMap":{"0":{"start":{"line":1,"column":13},"end":{"line":1,"column":28}},"1":{"start":{"line":2,"column":15},"end":{"line":2,"column":32}},"2":{"start":{"line":4,"column":20},"end":{"line":6,"column":41}},"3":{"start":{"line":8,"column":0},"end":{"line":11,"column":3}},"4":{"start":{"line":13,"column":12},"end":{"line":24,"column":1}},"5":{"start":{"line":26,"column":0},"end":{"line":26,"column":21}}},"fnMap":{},"branchMap":{"0":{"loc":{"start":{"line":4,"column":20},"end":{"line":6,"column":41}},"type":"cond-expr","locations":[{"start":{"line":5,"column":4},"end":{"line":5,"column":53}},{"start":{"line":6,"column":4},"end":{"line":6,"column":41}}],"line":4},"1":{"loc":{"start":{"line":14,"column":11},"end":{"line":14,"column":45}},"type":"binary-expr","locations":[{"start":{"line":14,"column":11},"end":{"line":14,"column":30}},{"start":{"line":14,"column":34},"end":{"line":14,"column":45}}],"line":14},"2":{"loc":{"start":{"line":15,"column":18},"end":{"line":15,"column":45}},"type":"binary-expr","locations":[{"start":{"line":15,"column":18},"end":{"line":15,"column":37}},{"start":{"line":15,"column":41},"end":{"line":15,"column":45}}],"line":15},"3":{"loc":{"start":{"line":16,"column":11},"end":{"line":16,"column":48}},"type":"binary-expr","locations":[{"start":{"line":16,"column":11},"end":{"line":16,"column":30}},{"start":{"line":16,"column":34},"end":{"line":16,"column":48}}],"line":16},"4":{"loc":{"start":{"line":17,"column":11},"end":{"line":17,"column":49}},"type":"binary-expr","locations":[{"start":{"line":17,"column":11},"end":{"line":17,"column":30}},{"start":{"line":17,"column":34},"end":{"line":17,"column":49}}],"line":17},"5":{"loc":{"start":{"line":18,"column":15},"end":{"line":18,"column":44}},"type":"binary-expr","locations":[{"start":{"line":18,"column":15},"end":{"line":18,"column":38}},{"start":{"line":18,"column":42},"end":{"line":18,"column":44}}],"line":18},"6":{"loc":{"start":{"line":19,"column":16},"end":{"line":19,"column":46}},"type":"binary-expr","locations":[{"start":{"line":19,"column":16},"end":{"line":19,"column":40}},{"start":{"line":19,"column":44},"end":{"line":19,"column":46}}],"line":19},"7":{"loc":{"start":{"line":20,"column":30},"end":{"line":20,"column":74}},"type":"binary-expr","locations":[{"start":{"line":20,"column":30},"end":{"line":20,"column":68}},{"start":{"line":20,"column":72},"end":{"line":20,"column":74}}],"line":20},"8":{"loc":{"start":{"line":21,"column":14},"end":{"line":21,"column":42}},"type":"binary-expr","locations":[{"start":{"line":21,"column":14},"end":{"line":21,"column":36}},{"start":{"line":21,"column":40},"end":{"line":21,"column":42}}],"line":21},"9":{"loc":{"start":{"line":22,"column":15},"end":{"line":22,"column":39}},"type":"binary-expr","locations":[{"start":{"line":22,"column":15},"end":{"line":22,"column":31}},{"start":{"line":22,"column":35},"end":{"line":22,"column":39}}],"line":22},"10":{"loc":{"start":{"line":23,"column":22},"end":{"line":23,"column":51}},"type":"binary-expr","locations":[{"start":{"line":23,"column":22},"end":{"line":23,"column":45}},{"start":{"line":23,"column":49},"end":{"line":23,"column":51}}],"line":23}},"s":{"0":4,"1":4,"2":4,"3":4,"4":4,"5":4},"f":{},"b":{"0":[0,4],"1":[4,0],"2":[4,0],"3":[4,0],"4":[4,0],"5":[4,0],"6":[4,0],"7":[4,0],"8":[4,0],"9":[4,0],"10":[4,0]},"_coverageSchema":"1a1c01bbd47fc00a2c39e90264f33305004495a9","hash":"1d0a766edc1fdd298e943210bf868d2a58fc4c12"}
,"/Users/mohun/kepco/MultiCampus/_vibe/todolist-app/backend/src/controllers/authController.js": {"path":"/Users/mohun/kepco/MultiCampus/_vibe/todolist-app/backend/src/controllers/authController.js","statementMap":{"0":{"start":{"line":1,"column":20},"end":{"line":1,"column":54}},"1":{"start":{"line":2,"column":24},"end":{"line":2,"column":58}},"2":{"start":{"line":3,"column":36},"end":{"line":3,"column":65}},"3":{"start":{"line":4,"column":17},"end":{"line":4,"column":45}},"4":{"start":{"line":7,"column":2},"end":{"line":7,"column":50}},"5":{"start":{"line":11,"column":30},"end":{"line":11,"column":44}},"6":{"start":{"line":12,"column":2},"end":{"line":14,"column":3}},"7":{"start":{"line":13,"column":4},"end":{"line":13,"column":106}},"8":{"start":{"line":15,"column":2},"end":{"line":17,"column":3}},"9":{"start":{"line":16,"column":4},"end":{"line":16,"column":107}},"10":{"start":{"line":18,"column":2},"end":{"line":20,"column":3}},"11":{"start":{"line":19,"column":4},"end":{"line":19,"column":110}},"12":{"start":{"line":21,"column":15},"end":{"line":21,"column":62}},"13":{"start":{"line":22,"column":2},"end":{"line":22,"column":57}},"14":{"start":{"line":26,"column":30},"end":{"line":26,"column":44}},"15":{"start":{"line":27,"column":2},"end":{"line":29,"column":3}},"16":{"start":{"line":28,"column":4},"end":{"line":28,"column":106}},"17":{"start":{"line":30,"column":17},"end":{"line":30,"column":61}},"18":{"start":{"line":31,"column":2},"end":{"line":31,"column":34}},"19":{"start":{"line":35,"column":23},"end":{"line":35,"column":37}},"20":{"start":{"line":36,"column":2},"end":{"line":38,"column":3}},"21":{"start":{"line":37,"column":4},"end":{"line":37,"column":101}},"22":{"start":{"line":39,"column":2},"end":{"line":39,"column":52}},"23":{"start":{"line":40,"column":2},"end":{"line":40,"column":57}},"24":{"start":{"line":43,"column":0},"end":{"line":43,"column":47}}},"fnMap":{"0":{"name":"isValidEmail","decl":{"start":{"line":6,"column":9},"end":{"line":6,"column":21}},"loc":{"start":{"line":6,"column":29},"end":{"line":8,"column":1}},"line":6},"1":{"name":"register","decl":{"start":{"line":10,"column":15},"end":{"line":10,"column":23}},"loc":{"start":{"line":10,"column":40},"end":{"line":23,"column":1}},"line":10},"2":{"name":"login","decl":{"start":{"line":25,"column":15},"end":{"line":25,"column":20}},"loc":{"start":{"line":25,"column":37},"end":{"line":32,"column":1}},"line":25},"3":{"name":"withdraw","decl":{"start":{"line":34,"column":15},"end":{"line":34,"column":23}},"loc":{"start":{"line":34,"column":40},"end":{"line":41,"column":1}},"line":34}},"branchMap":{"0":{"loc":{"start":{"line":11,"column":30},"end":{"line":11,"column":44}},"type":"binary-expr","locations":[{"start":{"line":11,"column":30},"end":{"line":11,"column":38}},{"start":{"line":11,"column":42},"end":{"line":11,"column":44}}],"line":11},"1":{"loc":{"start":{"line":12,"column":2},"end":{"line":14,"column":3}},"type":"if","locations":[{"start":{"line":12,"column":2},"end":{"line":14,"column":3}},{"start":{},"end":{}}],"line":12},"2":{"loc":{"start":{"line":12,"column":6},"end":{"line":12,"column":25}},"type":"binary-expr","locations":[{"start":{"line":12,"column":6},"end":{"line":12,"column":12}},{"start":{"line":12,"column":16},"end":{"line":12,"column":25}}],"line":12},"3":{"loc":{"start":{"line":15,"column":2},"end":{"line":17,"column":3}},"type":"if","locations":[{"start":{"line":15,"column":2},"end":{"line":17,"column":3}},{"start":{},"end":{}}],"line":15},"4":{"loc":{"start":{"line":18,"column":2},"end":{"line":20,"column":3}},"type":"if","locations":[{"start":{"line":18,"column":2},"end":{"line":20,"column":3}},{"start":{},"end":{}}],"line":18},"5":{"loc":{"start":{"line":26,"column":30},"end":{"line":26,"column":44}},"type":"binary-expr","locations":[{"start":{"line":26,"column":30},"end":{"line":26,"column":38}},{"start":{"line":26,"column":42},"end":{"line":26,"column":44}}],"line":26},"6":{"loc":{"start":{"line":27,"column":2},"end":{"line":29,"column":3}},"type":"if","locations":[{"start":{"line":27,"column":2},"end":{"line":29,"column":3}},{"start":{},"end":{}}],"line":27},"7":{"loc":{"start":{"line":27,"column":6},"end":{"line":27,"column":25}},"type":"binary-expr","locations":[{"start":{"line":27,"column":6},"end":{"line":27,"column":12}},{"start":{"line":27,"column":16},"end":{"line":27,"column":25}}],"line":27},"8":{"loc":{"start":{"line":35,"column":23},"end":{"line":35,"column":37}},"type":"binary-expr","locations":[{"start":{"line":35,"column":23},"end":{"line":35,"column":31}},{"start":{"line":35,"column":35},"end":{"line":35,"column":37}}],"line":35},"9":{"loc":{"start":{"line":36,"column":2},"end":{"line":38,"column":3}},"type":"if","locations":[{"start":{"line":36,"column":2},"end":{"line":38,"column":3}},{"start":{},"end":{}}],"line":36}},"s":{"0":1,"1":1,"2":1,"3":1,"4":4,"5":7,"6":7,"7":3,"8":4,"9":1,"10":3,"11":1,"12":2,"13":1,"14":5,"15":5,"16":3,"17":2,"18":1,"19":4,"20":4,"21":2,"22":2,"23":1,"24":1},"f":{"0":4,"1":7,"2":5,"3":4},"b":{"0":[7,1],"1":[3,4],"2":[7,5],"3":[1,3],"4":[1,2],"5":[5,1],"6":[3,2],"7":[5,3],"8":[4,1],"9":[2,2]},"_coverageSchema":"1a1c01bbd47fc00a2c39e90264f33305004495a9","hash":"f4e4be305891e8fb949329dc0fbff6fa9c7f7ccd"}
,"/Users/mohun/kepco/MultiCampus/_vibe/todolist-app/backend/src/repositories/userRepository.js": {"path":"/Users/mohun/kepco/MultiCampus/_vibe/todolist-app/backend/src/repositories/userRepository.js","statementMap":{"0":{"start":{"line":1,"column":17},"end":{"line":1,"column":40}},"1":{"start":{"line":4,"column":17},"end":{"line":7,"column":3}},"2":{"start":{"line":8,"column":2},"end":{"line":8,"column":32}},"3":{"start":{"line":12,"column":17},"end":{"line":15,"column":3}},"4":{"start":{"line":16,"column":2},"end":{"line":16,"column":32}},"5":{"start":{"line":20,"column":17},"end":{"line":23,"column":3}},"6":{"start":{"line":24,"column":2},"end":{"line":24,"column":24}},"7":{"start":{"line":28,"column":2},"end":{"line":28,"column":60}},"8":{"start":{"line":31,"column":0},"end":{"line":31,"column":63}}},"fnMap":{"0":{"name":"findByEmail","decl":{"start":{"line":3,"column":15},"end":{"line":3,"column":26}},"loc":{"start":{"line":3,"column":34},"end":{"line":9,"column":1}},"line":3},"1":{"name":"findById","decl":{"start":{"line":11,"column":15},"end":{"line":11,"column":23}},"loc":{"start":{"line":11,"column":28},"end":{"line":17,"column":1}},"line":11},"2":{"name":"create","decl":{"start":{"line":19,"column":15},"end":{"line":19,"column":21}},"loc":{"start":{"line":19,"column":43},"end":{"line":25,"column":1}},"line":19},"3":{"name":"deleteById","decl":{"start":{"line":27,"column":15},"end":{"line":27,"column":25}},"loc":{"start":{"line":27,"column":30},"end":{"line":29,"column":1}},"line":27}},"branchMap":{"0":{"loc":{"start":{"line":8,"column":9},"end":{"line":8,"column":31}},"type":"binary-expr","locations":[{"start":{"line":8,"column":9},"end":{"line":8,"column":23}},{"start":{"line":8,"column":27},"end":{"line":8,"column":31}}],"line":8},"1":{"loc":{"start":{"line":16,"column":9},"end":{"line":16,"column":31}},"type":"binary-expr","locations":[{"start":{"line":16,"column":9},"end":{"line":16,"column":23}},{"start":{"line":16,"column":27},"end":{"line":16,"column":31}}],"line":16}},"s":{"0":3,"1":2,"2":2,"3":2,"4":2,"5":1,"6":1,"7":1,"8":3},"f":{"0":2,"1":2,"2":1,"3":1},"b":{"0":[2,1],"1":[2,1]},"_coverageSchema":"1a1c01bbd47fc00a2c39e90264f33305004495a9","hash":"a48470ce47f545255263e0ea92d818e068907dff"}
,"/Users/mohun/kepco/MultiCampus/_vibe/todolist-app/backend/src/services/authService.js": {"path":"/Users/mohun/kepco/MultiCampus/_vibe/todolist-app/backend/src/services/authService.js","statementMap":{"0":{"start":{"line":1,"column":23},"end":{"line":1,"column":64}},"1":{"start":{"line":2,"column":42},"end":{"line":2,"column":75}},"2":{"start":{"line":3,"column":26},"end":{"line":3,"column":54}},"3":{"start":{"line":4,"column":17},"end":{"line":4,"column":45}},"4":{"start":{"line":5,"column":36},"end":{"line":5,"column":65}},"5":{"start":{"line":8,"column":19},"end":{"line":8,"column":58}},"6":{"start":{"line":9,"column":2},"end":{"line":11,"column":3}},"7":{"start":{"line":10,"column":4},"end":{"line":10,"column":93}},"8":{"start":{"line":12,"column":17},"end":{"line":12,"column":45}},"9":{"start":{"line":13,"column":15},"end":{"line":13,"column":71}},"10":{"start":{"line":14,"column":2},"end":{"line":14,"column":14}},"11":{"start":{"line":18,"column":15},"end":{"line":18,"column":54}},"12":{"start":{"line":19,"column":2},"end":{"line":21,"column":3}},"13":{"start":{"line":20,"column":4},"end":{"line":20,"column":108}},"14":{"start":{"line":22,"column":16},"end":{"line":22,"column":62}},"15":{"start":{"line":23,"column":2},"end":{"line":25,"column":3}},"16":{"start":{"line":24,"column":4},"end":{"line":24,"column":108}},"17":{"start":{"line":26,"column":16},"end":{"line":26,"column":65}},"18":{"start":{"line":27,"column":2},"end":{"line":27,"column":90}},"19":{"start":{"line":31,"column":15},"end":{"line":31,"column":52}},"20":{"start":{"line":32,"column":2},"end":{"line":34,"column":3}},"21":{"start":{"line":33,"column":4},"end":{"line":33,"column":87}},"22":{"start":{"line":35,"column":16},"end":{"line":35,"column":62}},"23":{"start":{"line":36,"column":2},"end":{"line":38,"column":3}},"24":{"start":{"line":37,"column":4},"end":{"line":37,"column":101}},"25":{"start":{"line":39,"column":2},"end":{"line":39,"column":42}},"26":{"start":{"line":42,"column":0},"end":{"line":42,"column":47}}},"fnMap":{"0":{"name":"register","decl":{"start":{"line":7,"column":15},"end":{"line":7,"column":23}},"loc":{"start":{"line":7,"column":45},"end":{"line":15,"column":1}},"line":7},"1":{"name":"login","decl":{"start":{"line":17,"column":15},"end":{"line":17,"column":20}},"loc":{"start":{"line":17,"column":42},"end":{"line":28,"column":1}},"line":17},"2":{"name":"withdraw","decl":{"start":{"line":30,"column":15},"end":{"line":30,"column":23}},"loc":{"start":{"line":30,"column":42},"end":{"line":40,"column":1}},"line":30}},"branchMap":{"0":{"loc":{"start":{"line":9,"column":2},"end":{"line":11,"column":3}},"type":"if","locations":[{"start":{"line":9,"column":2},"end":{"line":11,"column":3}},{"start":{},"end":{}}],"line":9},"1":{"loc":{"start":{"line":19,"column":2},"end":{"line":21,"column":3}},"type":"if","locations":[{"start":{"line":19,"column":2},"end":{"line":21,"column":3}},{"start":{},"end":{}}],"line":19},"2":{"loc":{"start":{"line":23,"column":2},"end":{"line":25,"column":3}},"type":"if","locations":[{"start":{"line":23,"column":2},"end":{"line":25,"column":3}},{"start":{},"end":{}}],"line":23},"3":{"loc":{"start":{"line":32,"column":2},"end":{"line":34,"column":3}},"type":"if","locations":[{"start":{"line":32,"column":2},"end":{"line":34,"column":3}},{"start":{},"end":{}}],"line":32},"4":{"loc":{"start":{"line":36,"column":2},"end":{"line":38,"column":3}},"type":"if","locations":[{"start":{"line":36,"column":2},"end":{"line":38,"column":3}},{"start":{},"end":{}}],"line":36}},"s":{"0":2,"1":2,"2":2,"3":2,"4":2,"5":2,"6":2,"7":1,"8":1,"9":1,"10":1,"11":3,"12":3,"13":1,"14":2,"15":2,"16":1,"17":1,"18":1,"19":3,"20":3,"21":1,"22":2,"23":2,"24":1,"25":1,"26":2},"f":{"0":2,"1":3,"2":3},"b":{"0":[1,1],"1":[1,2],"2":[1,1],"3":[1,2],"4":[1,1]},"_coverageSchema":"1a1c01bbd47fc00a2c39e90264f33305004495a9","hash":"0cb795bb075a1515a8e0828ecad3254b5ae88173"}
,"/Users/mohun/kepco/MultiCampus/_vibe/todolist-app/backend/src/utils/AppError.js": {"path":"/Users/mohun/kepco/MultiCampus/_vibe/todolist-app/backend/src/utils/AppError.js","statementMap":{"0":{"start":{"line":3,"column":4},"end":{"line":3,"column":19}},"1":{"start":{"line":4,"column":4},"end":{"line":4,"column":33}},"2":{"start":{"line":5,"column":4},"end":{"line":5,"column":21}},"3":{"start":{"line":6,"column":4},"end":{"line":6,"column":27}},"4":{"start":{"line":7,"column":4},"end":{"line":7,"column":52}},"5":{"start":{"line":11,"column":0},"end":{"line":11,"column":26}}},"fnMap":{"0":{"name":"(anonymous_0)","decl":{"start":{"line":2,"column":2},"end":{"line":2,"column":3}},"loc":{"start":{"line":2,"column":41},"end":{"line":8,"column":3}},"line":2}},"branchMap":{},"s":{"0":18,"1":18,"2":18,"3":18,"4":18,"5":4},"f":{"0":18},"b":{},"_coverageSchema":"1a1c01bbd47fc00a2c39e90264f33305004495a9","hash":"9d3b87203f748011fb344b85a4425118c08ac7ba"}
,"/Users/mohun/kepco/MultiCampus/_vibe/todolist-app/backend/src/utils/constants.js": {"path":"/Users/mohun/kepco/MultiCampus/_vibe/todolist-app/backend/src/utils/constants.js","statementMap":{"0":{"start":{"line":1,"column":20},"end":{"line":10,"column":1}},"1":{"start":{"line":12,"column":19},"end":{"line":21,"column":1}},"2":{"start":{"line":23,"column":0},"end":{"line":23,"column":45}}},"fnMap":{},"branchMap":{},"s":{"0":3,"1":3,"2":3},"f":{},"b":{},"_coverageSchema":"1a1c01bbd47fc00a2c39e90264f33305004495a9","hash":"b13bf1647a286416ee992c936ab6890e0a6eba59"}
,"/Users/mohun/kepco/MultiCampus/_vibe/todolist-app/backend/src/utils/jwtUtils.js": {"path":"/Users/mohun/kepco/MultiCampus/_vibe/todolist-app/backend/src/utils/jwtUtils.js","statementMap":{"0":{"start":{"line":1,"column":12},"end":{"line":1,"column":35}},"1":{"start":{"line":2,"column":12},"end":{"line":2,"column":36}},"2":{"start":{"line":3,"column":17},"end":{"line":3,"column":38}},"3":{"start":{"line":6,"column":2},"end":{"line":9,"column":5}},"4":{"start":{"line":13,"column":2},"end":{"line":17,"column":3}},"5":{"start":{"line":14,"column":4},"end":{"line":14,"column":72}},"6":{"start":{"line":16,"column":4},"end":{"line":16,"column":63}},"7":{"start":{"line":20,"column":0},"end":{"line":20,"column":48}}},"fnMap":{"0":{"name":"generateToken","decl":{"start":{"line":5,"column":9},"end":{"line":5,"column":22}},"loc":{"start":{"line":5,"column":32},"end":{"line":10,"column":1}},"line":5},"1":{"name":"verifyToken","decl":{"start":{"line":12,"column":9},"end":{"line":12,"column":20}},"loc":{"start":{"line":12,"column":28},"end":{"line":18,"column":1}},"line":12}},"branchMap":{},"s":{"0":2,"1":2,"2":2,"3":0,"4":0,"5":0,"6":0,"7":2},"f":{"0":0,"1":0},"b":{},"_coverageSchema":"1a1c01bbd47fc00a2c39e90264f33305004495a9","hash":"a6baf0176af8d4acc5883e14a40891541533d9ce"}
,"/Users/mohun/kepco/MultiCampus/_vibe/todolist-app/backend/src/utils/passwordUtils.js": {"path":"/Users/mohun/kepco/MultiCampus/_vibe/todolist-app/backend/src/utils/passwordUtils.js","statementMap":{"0":{"start":{"line":1,"column":15},"end":{"line":1,"column":32}},"1":{"start":{"line":2,"column":12},"end":{"line":2,"column":36}},"2":{"start":{"line":5,"column":2},"end":{"line":5,"column":45}},"3":{"start":{"line":9,"column":2},"end":{"line":9,"column":37}},"4":{"start":{"line":12,"column":0},"end":{"line":12,"column":51}}},"fnMap":{"0":{"name":"hashPassword","decl":{"start":{"line":4,"column":9},"end":{"line":4,"column":21}},"loc":{"start":{"line":4,"column":29},"end":{"line":6,"column":1}},"line":4},"1":{"name":"comparePassword","decl":{"start":{"line":8,"column":9},"end":{"line":8,"column":24}},"loc":{"start":{"line":8,"column":38},"end":{"line":10,"column":1}},"line":8}},"branchMap":{},"s":{"0":2,"1":2,"2":0,"3":0,"4":2},"f":{"0":0,"1":0},"b":{},"_coverageSchema":"1a1c01bbd47fc00a2c39e90264f33305004495a9","hash":"884a5f8cf87828f4b4bea5cfa98f9cdacf6574a1"}
,"/Users/mohun/kepco/MultiCampus/_vibe/todolist-app/backend/src/utils/responseHelper.js": {"path":"/Users/mohun/kepco/MultiCampus/_vibe/todolist-app/backend/src/utils/responseHelper.js","statementMap":{"0":{"start":{"line":2,"column":2},"end":{"line":2,"column":55}},"1":{"start":{"line":6,"column":2},"end":{"line":6,"column":76}},"2":{"start":{"line":9,"column":0},"end":{"line":9,"column":44}}},"fnMap":{"0":{"name":"sendSuccess","decl":{"start":{"line":1,"column":9},"end":{"line":1,"column":20}},"loc":{"start":{"line":1,"column":50},"end":{"line":3,"column":1}},"line":1},"1":{"name":"sendError","decl":{"start":{"line":5,"column":9},"end":{"line":5,"column":18}},"loc":{"start":{"line":5,"column":51},"end":{"line":7,"column":1}},"line":5}},"branchMap":{"0":{"loc":{"start":{"line":1,"column":32},"end":{"line":1,"column":48}},"type":"default-arg","locations":[{"start":{"line":1,"column":45},"end":{"line":1,"column":48}}],"line":1}},"s":{"0":3,"1":0,"2":1},"f":{"0":3,"1":0},"b":{"0":[2]},"_coverageSchema":"1a1c01bbd47fc00a2c39e90264f33305004495a9","hash":"24974503be16c9dd28b91974df971067f1a6cef3"}
}
