TN:
SF:src/config/db.js
FN:13,(anonymous_0)
FN:17,checkConnection
FNF:2
FNH:0
FNDA:0,(anonymous_0)
FNDA:0,checkConnection
DA:1,3
DA:2,3
DA:5,3
DA:9,3
DA:13,3
DA:14,0
DA:18,0
DA:19,0
DA:20,0
DA:34,3
LF:10
LH:6
BRDA:5,0,0,3
BRDA:5,0,1,0
BRDA:5,0,2,0
BRF:3
BRH:1
end_of_record
TN:
SF:src/config/env.js
FNF:0
FNH:0
DA:1,4
DA:2,4
DA:4,4
DA:8,4
DA:13,4
DA:26,4
LF:6
LH:6
BRDA:4,0,0,0
BRDA:4,0,1,4
BRDA:14,1,0,4
BRDA:14,1,1,0
BRDA:15,2,0,4
BRDA:15,2,1,0
BRDA:16,3,0,4
BRDA:16,3,1,0
BRDA:17,4,0,4
BRDA:17,4,1,0
BRDA:18,5,0,4
BRDA:18,5,1,0
BRDA:19,6,0,4
BRDA:19,6,1,0
BRDA:20,7,0,4
BRDA:20,7,1,0
BRDA:21,8,0,4
BRDA:21,8,1,0
BRDA:22,9,0,4
BRDA:22,9,1,0
BRDA:23,10,0,4
BRDA:23,10,1,0
BRF:22
BRH:11
end_of_record
TN:
SF:src/controllers/authController.js
FN:6,isValidEmail
FN:10,register
FN:25,login
FN:34,withdraw
FNF:4
FNH:4
FNDA:4,isValidEmail
FNDA:7,register
FNDA:5,login
FNDA:4,withdraw
DA:1,1
DA:2,1
DA:3,1
DA:4,1
DA:7,4
DA:11,7
DA:12,7
DA:13,3
DA:15,4
DA:16,1
DA:18,3
DA:19,1
DA:21,2
DA:22,1
DA:26,5
DA:27,5
DA:28,3
DA:30,2
DA:31,1
DA:35,4
DA:36,4
DA:37,2
DA:39,2
DA:40,1
DA:43,1
LF:25
LH:25
BRDA:11,0,0,7
BRDA:11,0,1,1
BRDA:12,1,0,3
BRDA:12,1,1,4
BRDA:12,2,0,7
BRDA:12,2,1,5
BRDA:15,3,0,1
BRDA:15,3,1,3
BRDA:18,4,0,1
BRDA:18,4,1,2
BRDA:26,5,0,5
BRDA:26,5,1,1
BRDA:27,6,0,3
BRDA:27,6,1,2
BRDA:27,7,0,5
BRDA:27,7,1,3
BRDA:35,8,0,4
BRDA:35,8,1,1
BRDA:36,9,0,2
BRDA:36,9,1,2
BRF:20
BRH:20
end_of_record
TN:
SF:src/repositories/userRepository.js
FN:3,findByEmail
FN:11,findById
FN:19,create
FN:27,deleteById
FNF:4
FNH:4
FNDA:2,findByEmail
FNDA:2,findById
FNDA:1,create
FNDA:1,deleteById
DA:1,3
DA:4,2
DA:8,2
DA:12,2
DA:16,2
DA:20,1
DA:24,1
DA:28,1
DA:31,3
LF:9
LH:9
BRDA:8,0,0,2
BRDA:8,0,1,1
BRDA:16,1,0,2
BRDA:16,1,1,1
BRF:4
BRH:4
end_of_record
TN:
SF:src/services/authService.js
FN:7,register
FN:17,login
FN:30,withdraw
FNF:3
FNH:3
FNDA:2,register
FNDA:3,login
FNDA:3,withdraw
DA:1,2
DA:2,2
DA:3,2
DA:4,2
DA:5,2
DA:8,2
DA:9,2
DA:10,1
DA:12,1
DA:13,1
DA:14,1
DA:18,3
DA:19,3
DA:20,1
DA:22,2
DA:23,2
DA:24,1
DA:26,1
DA:27,1
DA:31,3
DA:32,3
DA:33,1
DA:35,2
DA:36,2
DA:37,1
DA:39,1
DA:42,2
LF:27
LH:27
BRDA:9,0,0,1
BRDA:9,0,1,1
BRDA:19,1,0,1
BRDA:19,1,1,2
BRDA:23,2,0,1
BRDA:23,2,1,1
BRDA:32,3,0,1
BRDA:32,3,1,2
BRDA:36,4,0,1
BRDA:36,4,1,1
BRF:10
BRH:10
end_of_record
TN:
SF:src/utils/AppError.js
FN:2,(anonymous_0)
FNF:1
FNH:1
FNDA:18,(anonymous_0)
DA:3,18
DA:4,18
DA:5,18
DA:6,18
DA:7,18
DA:11,4
LF:6
LH:6
BRF:0
BRH:0
end_of_record
TN:
SF:src/utils/constants.js
FNF:0
FNH:0
DA:1,3
DA:12,3
DA:23,3
LF:3
LH:3
BRF:0
BRH:0
end_of_record
TN:
SF:src/utils/jwtUtils.js
FN:5,generateToken
FN:12,verifyToken
FNF:2
FNH:0
FNDA:0,generateToken
FNDA:0,verifyToken
DA:1,2
DA:2,2
DA:3,2
DA:6,0
DA:13,0
DA:14,0
DA:16,0
DA:20,2
LF:8
LH:4
BRF:0
BRH:0
end_of_record
TN:
SF:src/utils/passwordUtils.js
FN:4,hashPassword
FN:8,comparePassword
FNF:2
FNH:0
FNDA:0,hashPassword
FNDA:0,comparePassword
DA:1,2
DA:2,2
DA:5,0
DA:9,0
DA:12,2
LF:5
LH:3
BRF:0
BRH:0
end_of_record
TN:
SF:src/utils/responseHelper.js
FN:1,sendSuccess
FN:5,sendError
FNF:2
FNH:1
FNDA:3,sendSuccess
FNDA:0,sendError
DA:2,3
DA:6,0
DA:9,1
LF:3
LH:2
BRDA:1,0,0,2
BRF:1
BRH:1
end_of_record
